#
# A fatal error has been detected by the Java Runtime Environment:
#
#  EXCEPTION_ACCESS_VIOLATION (0xc0000005) at pc=0x000000006fbd6226, pid=7252, tid=8616
#
# JRE version: Java(TM) SE Runtime Environment (8.0_60-b27) (build 1.8.0_60-b27)
# Java VM: Java HotSpot(TM) 64-Bit Server VM (25.60-b23 mixed mode windows-amd64 compressed oops)
# Problematic frame:
# V  [jvm.dll+0x496226]
#
# Failed to write core dump. Minidumps are not enabled by default on client versions of Windows
#
# If you would like to submit a bug report, please visit:
#   http://bugreport.java.com/bugreport/crash.jsp
#

---------------  T H R E A D  ---------------

Current thread (0x000000001c470000):  JavaThread "C2 CompilerThread2" daemon [_thread_in_native, id=8616, stack(0x000000001ded0000,0x000000001dfd0000)]

siginfo: ExceptionCode=0xc0000005, reading address 0x00000000eff4acec

Registers:
RAX=0x00000000275c5380, RBX=0x000000000000000a, RCX=0x0000000000000001, RDX=0x0000000000000001
RSP=0x000000001dfcc390, RBP=0x00000000000a5670, RSI=0x00000000000017a1, RDI=0x000000002699b490
R8 =0x0000000000000400, R9 =0x00000000eff4ace8, R10=0x000000001dfcc700, R11=0x0000000000000014
R12=0x0000000023e5dab0, R13=0x000000001dfcc9f0, R14=0x000000006f740000, R15=0x000000006ff4ace8
RIP=0x000000006fbd6226, EFLAGS=0x0000000000010206

Top of Stack: (sp=0x000000001dfcc390)
0x000000001dfcc390:   0000000000000100 0000000000000012
0x000000001dfcc3a0:   00000000000a5670 00000000000017a1
0x000000001dfcc3b0:   0000022f00006100 0000000000000002
0x000000001dfcc3c0:   0000000024bc8a40 0000000000000003
0x000000001dfcc3d0:   0000000024bc8c60 000000000000001a
0x000000001dfcc3e0:   000000001dfcc570 000000006fc10994
0x000000001dfcc3f0:   0000000000000008 00000000236e0178
0x000000001dfcc400:   0000000022d79f20 000000001dfcc9f0
0x000000001dfcc410:   000000001dfcc9f0 000000006fbd76d8
0x000000001dfcc420:   00000000000a5670 0000000000000004
0x000000001dfcc430:   000000001dfcc520 0000000023ecf7c8
0x000000001dfcc440:   0000000500000000 0000000000000015
0x000000001dfcc450:   00000000236e0178 000017a100000119
0x000000001dfcc460:   0000072000000014 0000000000000004
0x000000001dfcc470:   0000000005155455 0000000000000000
0x000000001dfcc480:   0000000000000000 0000000000000000 

Instructions: (pc=0x000000006fbd6226)
0x000000006fbd6206:   26 44 00 00 4c 8b c8 8b d3 83 e3 1f 41 b8 01 00
0x000000006fbd6216:   00 00 c1 ea 05 0f b6 cb 83 e2 07 41 d3 e0 8b ca
0x000000006fbd6226:   41 8b 14 91 8b c2 41 0b c0 41 89 04 89 41 85 d0
0x000000006fbd6236:   0f 85 a4 fe ff ff ff 07 e9 9d fe ff ff 48 8b bc 


Register to memory mapping:

RAX=0x00000000275c5380 is an unknown value
RBX=0x000000000000000a is an unknown value
RCX=0x0000000000000001 is an unknown value
RDX=0x0000000000000001 is an unknown value
RSP=0x000000001dfcc390 is pointing into the stack for thread: 0x000000001c470000
RBP=0x00000000000a5670 is an unknown value
RSI=0x00000000000017a1 is an unknown value
RDI=0x000000002699b490 is an unknown value
R8 =0x0000000000000400 is an unknown value
R9 =0x00000000eff4ace8 is an unknown value
R10=0x000000001dfcc700 is pointing into the stack for thread: 0x000000001c470000
R11=0x0000000000000014 is an unknown value
R12=0x0000000023e5dab0 is an unknown value
R13=0x000000001dfcc9f0 is pointing into the stack for thread: 0x000000001c470000
R14=0x000000006f740000 is an unknown value
R15=0x000000006ff4ace8 is an unknown value


Stack: [0x000000001ded0000,0x000000001dfd0000],  sp=0x000000001dfcc390,  free space=1008k
Native frames: (J=compiled Java code, j=interpreted, Vv=VM code, C=native code)
V  [jvm.dll+0x496226]
V  [jvm.dll+0x4976d8]
V  [jvm.dll+0x462357]
V  [jvm.dll+0x46d51b]
V  [jvm.dll+0x46fb32]
V  [jvm.dll+0x452cb2]
V  [jvm.dll+0xa4662]
V  [jvm.dll+0xa4f9f]
V  [jvm.dll+0x243134]
V  [jvm.dll+0x299f6a]
C  [msvcr100.dll+0x21d9f]
C  [msvcr100.dll+0x21e3b]
C  [kernel32.dll+0x159cd]
C  [ntdll.dll+0x2b981]


Current CompileTask:
C2: 244742 6367   !   4       javax.swing.text.PlainDocument::insertUpdate (423 bytes)


---------------  P R O C E S S  ---------------

Java Threads: ( => current thread )
  0x0000000022e4c000 JavaThread "EventThread COM9" [_thread_in_native, id=8032, stack(0x0000000023180000,0x0000000023280000)]
  0x0000000023845000 JavaThread "D3D Screen Updater" daemon [_thread_blocked, id=9724, stack(0x000000001f630000,0x000000001f730000)]
  0x0000000022cbf000 JavaThread "Swing-Shell" daemon [_thread_blocked, id=6808, stack(0x0000000029260000,0x0000000029360000)]
  0x000000001eac6000 JavaThread "TimerQueue" daemon [_thread_blocked, id=10092, stack(0x0000000021ab0000,0x0000000021bb0000)]
  0x00000000022de000 JavaThread "DestroyJavaVM" [_thread_blocked, id=9824, stack(0x0000000002190000,0x0000000002290000)]
  0x000000001e76b800 JavaThread "AWT-EventQueue-0" [_thread_blocked, id=4344, stack(0x000000001fd70000,0x000000001fe70000)]
  0x000000001e74e800 JavaThread "AWT-Windows" daemon [_thread_in_native, id=1064, stack(0x000000001efd0000,0x000000001f0d0000)]
  0x000000001e74b800 JavaThread "AWT-Shutdown" [_thread_blocked, id=2964, stack(0x000000001f0d0000,0x000000001f1d0000)]
  0x000000001e74a800 JavaThread "Java2D Disposer" daemon [_thread_blocked, id=8104, stack(0x000000001ee80000,0x000000001ef80000)]
  0x000000001c4dd000 JavaThread "Service Thread" daemon [_thread_blocked, id=9708, stack(0x000000001e2f0000,0x000000001e3f0000)]
  0x000000001c47e000 JavaThread "C1 CompilerThread3" daemon [_thread_blocked, id=8736, stack(0x000000001e130000,0x000000001e230000)]
=>0x000000001c470000 JavaThread "C2 CompilerThread2" daemon [_thread_in_native, id=8616, stack(0x000000001ded0000,0x000000001dfd0000)]
  0x000000001c46a800 JavaThread "C2 CompilerThread1" daemon [_thread_blocked, id=3096, stack(0x000000001dd70000,0x000000001de70000)]
  0x000000001c466800 JavaThread "C2 CompilerThread0" daemon [_thread_blocked, id=4008, stack(0x000000001d9f0000,0x000000001daf0000)]
  0x000000001c460000 JavaThread "Attach Listener" daemon [_thread_blocked, id=9564, stack(0x000000001db70000,0x000000001dc70000)]
  0x000000001b4ce800 JavaThread "Signal Dispatcher" daemon [_thread_blocked, id=10176, stack(0x000000001d880000,0x000000001d980000)]
  0x000000001b4ba800 JavaThread "Finalizer" daemon [_thread_blocked, id=9624, stack(0x000000001d710000,0x000000001d810000)]
  0x000000001c413000 JavaThread "Reference Handler" daemon [_thread_blocked, id=6960, stack(0x000000001d5a0000,0x000000001d6a0000)]

Other Threads:
  0x000000001c411800 VMThread [stack: 0x000000001d3c0000,0x000000001d4c0000] [id=7796]
  0x000000001c516000 WatcherThread [stack: 0x000000001e4d0000,0x000000001e5d0000] [id=8516]

VM state:not at safepoint (normal execution)

VM Mutex/Monitor currently owned by a thread: None

Heap:
 PSYoungGen      total 240640K, used 94352K [0x0000000775600000, 0x000000078f000000, 0x00000007c0000000)
  eden space 231424K, 36% used [0x0000000775600000,0x000000077a92b608,0x0000000783800000)
  from space 9216K, 99% used [0x0000000783800000,0x00000007840f8a68,0x0000000784100000)
  to   space 12288K, 0% used [0x000000078e400000,0x000000078e400000,0x000000078f000000)
 ParOldGen       total 78336K, used 10391K [0x00000006e0200000, 0x00000006e4e80000, 0x0000000775600000)
  object space 78336K, 13% used [0x00000006e0200000,0x00000006e0c25f88,0x00000006e4e80000)
 Metaspace       used 24614K, capacity 24812K, committed 25216K, reserved 1071104K
  class space    used 3038K, capacity 3113K, committed 3200K, reserved 1048576K

Card table byte_map: [0x0000000011bb0000,0x00000000122b0000] byte_map_base: 0x000000000e4af000

Marking Bits: (ParMarkBitMap*) 0x000000006ff4a5b0
 Begin Bits: [0x00000000133e0000, 0x0000000016bd8000)
 End Bits:   [0x0000000016bd8000, 0x000000001a3d0000)

Polling page: 0x0000000000420000

CodeCache: size=245760Kb used=17377Kb max_used=17638Kb free=228382Kb
 bounds [0x00000000027f0000, 0x0000000003960000, 0x00000000117f0000]
 total_blobs=5557 nmethods=4945 adapters=522
 compilation: enabled

Compilation events (10 events):
Event: 244.175 Thread 0x000000001c46a800 nmethod 6364 0x00000000037e7dd0 code [0x00000000037e8020, 0x00000000037e9410]
Event: 244.307 Thread 0x000000001c466800 6365       4       javax.swing.plaf.synth.SynthArrowButton$SynthArrowButtonUI::getPreferredSize (232 bytes)
Event: 244.318 Thread 0x000000001c466800 nmethod 6365 0x000000000341cb10 code [0x000000000341cd00, 0x000000000341d770]
Event: 244.327 Thread 0x000000001c47e000 6366       3       javax.swing.JComponent::revalidate (53 bytes)
Event: 244.328 Thread 0x000000001c47e000 nmethod 6366 0x0000000003574bd0 code [0x0000000003574f00, 0x0000000003576928]
Event: 244.485 Thread 0x000000001c470000 6367   !   4       javax.swing.text.PlainDocument::insertUpdate (423 bytes)
Event: 244.634 Thread 0x000000001c47e000 6368       3       java.lang.Double::<init> (10 bytes)
Event: 244.634 Thread 0x000000001c47e000 nmethod 6368 0x0000000002f0f690 code [0x0000000002f0f800, 0x0000000002f0fa10]
Event: 244.634 Thread 0x000000001c47e000 6369       3       java.text.FieldPosition::<init> (25 bytes)
Event: 244.634 Thread 0x000000001c47e000 nmethod 6369 0x0000000002b9c0d0 code [0x0000000002b9c220, 0x0000000002b9c3f0]

GC Heap History (10 events):
Event: 2.042 GC heap before
{Heap before GC invocations=2 (full 0):
 PSYoungGen      total 67072K, used 65996K [0x0000000775600000, 0x000000077d900000, 0x00000007c0000000)
  eden space 57856K, 100% used [0x0000000775600000,0x0000000778e80000,0x0000000778e80000)
  from space 9216K, 88% used [0x0000000778e80000,0x0000000779673250,0x0000000779780000)
  to   space 9216K, 0% used [0x000000077d000000,0x000000077d000000,0x000000077d900000)
 ParOldGen       total 153088K, used 32K [0x00000006e0200000, 0x00000006e9780000, 0x0000000775600000)
  object space 153088K, 0% used [0x00000006e0200000,0x00000006e0208000,0x00000006e9780000)
 Metaspace       used 18189K, capacity 18378K, committed 18688K, reserved 1064960K
  class space    used 2429K, capacity 2494K, committed 2560K, reserved 1048576K
Event: 2.061 GC heap after
Heap after GC invocations=2 (full 0):
 PSYoungGen      total 124928K, used 6490K [0x0000000775600000, 0x000000077d900000, 0x00000007c0000000)
  eden space 115712K, 0% used [0x0000000775600000,0x0000000775600000,0x000000077c700000)
  from space 9216K, 70% used [0x000000077d000000,0x000000077d656840,0x000000077d900000)
  to   space 9216K, 0% used [0x000000077c700000,0x000000077c700000,0x000000077d000000)
 ParOldGen       total 153088K, used 40K [0x00000006e0200000, 0x00000006e9780000, 0x0000000775600000)
  object space 153088K, 0% used [0x00000006e0200000,0x00000006e020a000,0x00000006e9780000)
 Metaspace       used 18189K, capacity 18378K, committed 18688K, reserved 1064960K
  class space    used 2429K, capacity 2494K, committed 2560K, reserved 1048576K
}
Event: 2.511 GC heap before
{Heap before GC invocations=3 (full 0):
 PSYoungGen      total 124928K, used 122202K [0x0000000775600000, 0x000000077d900000, 0x00000007c0000000)
  eden space 115712K, 100% used [0x0000000775600000,0x000000077c700000,0x000000077c700000)
  from space 9216K, 70% used [0x000000077d000000,0x000000077d656840,0x000000077d900000)
  to   space 9216K, 0% used [0x000000077c700000,0x000000077c700000,0x000000077d000000)
 ParOldGen       total 153088K, used 40K [0x00000006e0200000, 0x00000006e9780000, 0x0000000775600000)
  object space 153088K, 0% used [0x00000006e0200000,0x00000006e020a000,0x00000006e9780000)
 Metaspace       used 19424K, capacity 19558K, committed 19840K, reserved 1067008K
  class space    used 2576K, capacity 2626K, committed 2688K, reserved 1048576K
Event: 2.531 GC heap after
Heap after GC invocations=3 (full 0):
 PSYoungGen      total 124928K, used 6746K [0x0000000775600000, 0x0000000784a00000, 0x00000007c0000000)
  eden space 115712K, 0% used [0x0000000775600000,0x0000000775600000,0x000000077c700000)
  from space 9216K, 73% used [0x000000077c700000,0x000000077cd96860,0x000000077d000000)
  to   space 9216K, 0% used [0x0000000784100000,0x0000000784100000,0x0000000784a00000)
 ParOldGen       total 153088K, used 48K [0x00000006e0200000, 0x00000006e9780000, 0x0000000775600000)
  object space 153088K, 0% used [0x00000006e0200000,0x00000006e020c000,0x00000006e9780000)
 Metaspace       used 19424K, capacity 19558K, committed 19840K, reserved 1067008K
  class space    used 2576K, capacity 2626K, committed 2688K, reserved 1048576K
}
Event: 2.697 GC heap before
{Heap before GC invocations=4 (full 0):
 PSYoungGen      total 124928K, used 13433K [0x0000000775600000, 0x0000000784a00000, 0x00000007c0000000)
  eden space 115712K, 5% used [0x0000000775600000,0x0000000775c87c28,0x000000077c700000)
  from space 9216K, 73% used [0x000000077c700000,0x000000077cd96860,0x000000077d000000)
  to   space 9216K, 0% used [0x0000000784100000,0x0000000784100000,0x0000000784a00000)
 ParOldGen       total 153088K, used 48K [0x00000006e0200000, 0x00000006e9780000, 0x0000000775600000)
  object space 153088K, 0% used [0x00000006e0200000,0x00000006e020c000,0x00000006e9780000)
 Metaspace       used 20896K, capacity 21068K, committed 21296K, reserved 1067008K
  class space    used 2783K, capacity 2851K, committed 2944K, reserved 1048576K
Event: 2.708 GC heap after
Heap after GC invocations=4 (full 0):
 PSYoungGen      total 240640K, used 6780K [0x0000000775600000, 0x0000000784a00000, 0x00000007c0000000)
  eden space 231424K, 0% used [0x0000000775600000,0x0000000775600000,0x0000000783800000)
  from space 9216K, 73% used [0x0000000784100000,0x000000078479f058,0x0000000784a00000)
  to   space 9216K, 0% used [0x0000000783800000,0x0000000783800000,0x0000000784100000)
 ParOldGen       total 153088K, used 56K [0x00000006e0200000, 0x00000006e9780000, 0x0000000775600000)
  object space 153088K, 0% used [0x00000006e0200000,0x00000006e020e000,0x00000006e9780000)
 Metaspace       used 20896K, capacity 21068K, committed 21296K, reserved 1067008K
  class space    used 2783K, capacity 2851K, committed 2944K, reserved 1048576K
}
Event: 2.708 GC heap before
{Heap before GC invocations=5 (full 1):
 PSYoungGen      total 240640K, used 6780K [0x0000000775600000, 0x0000000784a00000, 0x00000007c0000000)
  eden space 231424K, 0% used [0x0000000775600000,0x0000000775600000,0x0000000783800000)
  from space 9216K, 73% used [0x0000000784100000,0x000000078479f058,0x0000000784a00000)
  to   space 9216K, 0% used [0x0000000783800000,0x0000000783800000,0x0000000784100000)
 ParOldGen       total 153088K, used 56K [0x00000006e0200000, 0x00000006e9780000, 0x0000000775600000)
  object space 153088K, 0% used [0x00000006e0200000,0x00000006e020e000,0x00000006e9780000)
 Metaspace       used 20896K, capacity 21068K, committed 21296K, reserved 1067008K
  class space    used 2783K, capacity 2851K, committed 2944K, reserved 1048576K
Event: 2.750 GC heap after
Heap after GC invocations=5 (full 1):
 PSYoungGen      total 240640K, used 0K [0x0000000775600000, 0x0000000784a00000, 0x00000007c0000000)
  eden space 231424K, 0% used [0x0000000775600000,0x0000000775600000,0x0000000783800000)
  from space 9216K, 0% used [0x0000000784100000,0x0000000784100000,0x0000000784a00000)
  to   space 9216K, 0% used [0x0000000783800000,0x0000000783800000,0x0000000784100000)
 ParOldGen       total 78336K, used 6604K [0x00000006e0200000, 0x00000006e4e80000, 0x0000000775600000)
  object space 78336K, 8% used [0x00000006e0200000,0x00000006e0873070,0x00000006e4e80000)
 Metaspace       used 20896K, capacity 21068K, committed 21296K, reserved 1067008K
  class space    used 2783K, capacity 2851K, committed 2944K, reserved 1048576K
}
Event: 220.850 GC heap before
{Heap before GC invocations=6 (full 1):
 PSYoungGen      total 240640K, used 231424K [0x0000000775600000, 0x0000000784a00000, 0x00000007c0000000)
  eden space 231424K, 100% used [0x0000000775600000,0x0000000783800000,0x0000000783800000)
  from space 9216K, 0% used [0x0000000784100000,0x0000000784100000,0x0000000784a00000)
  to   space 9216K, 0% used [0x0000000783800000,0x0000000783800000,0x0000000784100000)
 ParOldGen       total 78336K, used 6604K [0x00000006e0200000, 0x00000006e4e80000, 0x0000000775600000)
  object space 78336K, 8% used [0x00000006e0200000,0x00000006e0873070,0x00000006e4e80000)
 Metaspace       used 24547K, capacity 24748K, committed 25216K, reserved 1071104K
  class space    used 3038K, capacity 3113K, committed 3200K, reserved 1048576K
Event: 220.857 GC heap after
Heap after GC invocations=6 (full 1):
 PSYoungGen      total 240640K, used 9186K [0x0000000775600000, 0x000000078f000000, 0x00000007c0000000)
  eden space 231424K, 0% used [0x0000000775600000,0x0000000775600000,0x0000000783800000)
  from space 9216K, 99% used [0x0000000783800000,0x00000007840f8a68,0x0000000784100000)
  to   space 12288K, 0% used [0x000000078e400000,0x000000078e400000,0x000000078f000000)
 ParOldGen       total 78336K, used 10391K [0x00000006e0200000, 0x00000006e4e80000, 0x0000000775600000)
  object space 78336K, 13% used [0x00000006e0200000,0x00000006e0c25f88,0x00000006e4e80000)
 Metaspace       used 24547K, capacity 24748K, committed 25216K, reserved 1071104K
  class space    used 3038K, capacity 3113K, committed 3200K, reserved 1048576K
}

Deoptimization events (10 events):
Event: 200.998 Thread 0x000000001e76b800 Uncommon trap: reason=unstable_if action=reinterpret pc=0x0000000002ff9ef4 method=javax.swing.JTextArea.getColumnWidth()I @ 4
Event: 207.157 Thread 0x000000001e76b800 Uncommon trap: reason=unstable_if action=reinterpret pc=0x0000000003154bf4 method=javax.swing.text.Utilities.getTabbedTextOffset(Ljavax/swing/text/View;Ljavax/swing/text/Segment;Ljava/awt/FontMetrics;IILjavax/swing/text/TabExpander;IZ[I)I @ 292
Event: 207.161 Thread 0x000000001e76b800 Uncommon trap: reason=unstable_if action=reinterpret pc=0x00000000032421c4 method=javax.swing.text.WrappedPlainView$WrappedLine.getLineEnds()[I @ 4
Event: 210.933 Thread 0x000000001e76b800 Uncommon trap: reason=predicate action=maybe_recompile pc=0x000000000369efac method=javax.swing.text.BoxView.layoutMajorAxis(II[I[I)V @ 95
Event: 223.249 Thread 0x000000001e76b800 Uncommon trap: reason=unstable_if action=reinterpret pc=0x0000000003701880 method=java.util.concurrent.locks.LockSupport.unpark(Ljava/lang/Thread;)V @ 1
Event: 223.257 Thread 0x000000001e76b800 Uncommon trap: reason=null_check action=make_not_entrant pc=0x00000000037ddea0 method=java.beans.PropertyDescriptor.isAssignable(Ljava/lang/reflect/Method;Ljava/lang/reflect/Method;)Z @ 72
Event: 223.257 Thread 0x000000001e76b800 Uncommon trap: reason=null_check action=make_not_entrant pc=0x00000000037d2f3c method=java.beans.PropertyDescriptor.isAssignable(Ljava/lang/reflect/Method;Ljava/lang/reflect/Method;)Z @ 72
Event: 223.276 Thread 0x000000001e76b800 Uncommon trap: reason=unstable_if action=reinterpret pc=0x00000000038a0180 method=javax.swing.text.GapContent.createPosition(I)Ljavax/swing/text/Position; @ 7
Event: 241.825 Thread 0x000000001e76b800 Uncommon trap: reason=unstable_if action=reinterpret pc=0x00000000034fe9b0 method=java.util.logging.XMLFormatter.escape(Ljava/lang/StringBuilder;Ljava/lang/String;)V @ 62
Event: 243.813 Thread 0x0000000022e4c000 Uncommon trap: reason=unstable_if action=reinterpret pc=0x00000000035734d0 method=java.util.concurrent.locks.LockSupport.unpark(Ljava/lang/Thread;)V @ 1

Internal exceptions (10 events):
Event: 244.485 Thread 0x000000001e76b800 Exception <a 'java/io/IOException'> (0x000000077a58a2e0) thrown at [C:\re\workspace\8-2-build-windows-amd64-cygwin\jdk8u60\4407\hotspot\src\share\vm\prims\jni.cpp, line 709]
Event: 244.485 Thread 0x000000001e76b800 Exception <a 'java/io/IOException'> (0x000000077a58a728) thrown at [C:\re\workspace\8-2-build-windows-amd64-cygwin\jdk8u60\4407\hotspot\src\share\vm\prims\jni.cpp, line 709]
Event: 244.530 Thread 0x0000000022e4c000 Exception <a 'java/io/IOException'> (0x000000077a8f7308) thrown at [C:\re\workspace\8-2-build-windows-amd64-cygwin\jdk8u60\4407\hotspot\src\share\vm\prims\jni.cpp, line 709]
Event: 244.530 Thread 0x0000000022e4c000 Exception <a 'java/io/IOException'> (0x000000077a8f7568) thrown at [C:\re\workspace\8-2-build-windows-amd64-cygwin\jdk8u60\4407\hotspot\src\share\vm\prims\jni.cpp, line 709]
Event: 244.610 Thread 0x0000000022e4c000 Exception <a 'java/io/IOException'> (0x000000077a908c18) thrown at [C:\re\workspace\8-2-build-windows-amd64-cygwin\jdk8u60\4407\hotspot\src\share\vm\prims\jni.cpp, line 709]
Event: 244.610 Thread 0x0000000022e4c000 Exception <a 'java/io/IOException'> (0x000000077a908e78) thrown at [C:\re\workspace\8-2-build-windows-amd64-cygwin\jdk8u60\4407\hotspot\src\share\vm\prims\jni.cpp, line 709]
Event: 244.626 Thread 0x0000000022e4c000 Exception <a 'java/io/IOException'> (0x000000077a91a8a8) thrown at [C:\re\workspace\8-2-build-windows-amd64-cygwin\jdk8u60\4407\hotspot\src\share\vm\prims\jni.cpp, line 709]
Event: 244.626 Thread 0x0000000022e4c000 Exception <a 'java/io/IOException'> (0x000000077a91ab08) thrown at [C:\re\workspace\8-2-build-windows-amd64-cygwin\jdk8u60\4407\hotspot\src\share\vm\prims\jni.cpp, line 709]
Event: 244.645 Thread 0x000000001e76b800 Exception <a 'java/io/IOException'> (0x000000077a5d24d0) thrown at [C:\re\workspace\8-2-build-windows-amd64-cygwin\jdk8u60\4407\hotspot\src\share\vm\prims\jni.cpp, line 709]
Event: 244.645 Thread 0x000000001e76b800 Exception <a 'java/io/IOException'> (0x000000077a5d2918) thrown at [C:\re\workspace\8-2-build-windows-amd64-cygwin\jdk8u60\4407\hotspot\src\share\vm\prims\jni.cpp, line 709]

Events (10 events):
Event: 242.817 Thread 0x000000001c46a800 flushing nmethod 0x0000000003543c10
Event: 242.817 Thread 0x000000001c46a800 flushing nmethod 0x0000000003574a10
Event: 242.817 Thread 0x000000001c46a800 flushing nmethod 0x00000000035abbd0
Event: 242.817 Thread 0x000000001c46a800 flushing nmethod 0x000000000360a050
Event: 242.906 Thread 0x000000001c466800 flushing nmethod 0x00000000036daf10
Event: 242.907 Thread 0x000000001c466800 flushing nmethod 0x0000000003768090
Event: 242.907 Thread 0x000000001c466800 flushing nmethod 0x00000000037e7b90
Event: 243.813 Thread 0x0000000022e4c000 Uncommon trap: trap_request=0xffffff65 fr.pc=0x00000000035734d0
Event: 243.813 Thread 0x0000000022e4c000 DEOPT PACKING pc=0x00000000035734d0 sp=0x000000002327e5b0
Event: 243.813 Thread 0x0000000022e4c000 DEOPT UNPACKING pc=0x000000000283582a sp=0x000000002327e2b8 mode 2


Dynamic libraries:
0x000000013f030000 - 0x000000013f067000 	C:\Program Files\Java\jre1.8.0_60\bin\javaw.exe
0x0000000076cc0000 - 0x0000000076e69000 	C:\Windows\SYSTEM32\ntdll.dll
0x0000000076aa0000 - 0x0000000076bbf000 	C:\Windows\system32\kernel32.dll
0x000007fefcb10000 - 0x000007fefcb7c000 	C:\Windows\system32\KERNELBASE.dll
0x000007fefd6b0000 - 0x000007fefd78b000 	C:\Windows\system32\ADVAPI32.dll
0x000007fefef30000 - 0x000007fefefcf000 	C:\Windows\system32\msvcrt.dll
0x000007fefcf30000 - 0x000007fefcf4f000 	C:\Windows\SYSTEM32\sechost.dll
0x000007fefd130000 - 0x000007fefd25d000 	C:\Windows\system32\RPCRT4.dll
0x0000000076bc0000 - 0x0000000076cba000 	C:\Windows\system32\USER32.dll
0x000007fefda10000 - 0x000007fefda77000 	C:\Windows\system32\GDI32.dll
0x000007fefee80000 - 0x000007fefee8e000 	C:\Windows\system32\LPK.dll
0x000007fefda80000 - 0x000007fefdb49000 	C:\Windows\system32\USP10.dll
0x000007fefb4e0000 - 0x000007fefb6d4000 	C:\Windows\WinSxS\amd64_microsoft.windows.common-controls_6595b64144ccf1df_6.0.7601.18807_none_fa381d5f175bfb52\COMCTL32.dll
0x000007fefceb0000 - 0x000007fefcf21000 	C:\Windows\system32\SHLWAPI.dll
0x000007fefee50000 - 0x000007fefee7e000 	C:\Windows\system32\IMM32.DLL
0x000007fefd270000 - 0x000007fefd379000 	C:\Windows\system32\MSCTF.dll
0x0000000079640000 - 0x0000000079712000 	C:\Program Files\Java\jre1.8.0_60\bin\msvcr100.dll
0x000000006f740000 - 0x000000006ffc9000 	C:\Program Files\Java\jre1.8.0_60\bin\server\jvm.dll
0x000007fef8640000 - 0x000007fef8649000 	C:\Windows\system32\WSOCK32.dll
0x000007fefd9c0000 - 0x000007fefda0d000 	C:\Windows\system32\WS2_32.dll
0x000007fefd260000 - 0x000007fefd268000 	C:\Windows\system32\NSI.dll
0x000007fefa4a0000 - 0x000007fefa4db000 	C:\Windows\system32\WINMM.dll
0x000007fefbb70000 - 0x000007fefbb7c000 	C:\Windows\system32\VERSION.dll
0x0000000076e90000 - 0x0000000076e97000 	C:\Windows\system32\PSAPI.DLL
0x00000000705c0000 - 0x00000000705cf000 	C:\Program Files\Java\jre1.8.0_60\bin\verify.dll
0x000000006d480000 - 0x000000006d4a9000 	C:\Program Files\Java\jre1.8.0_60\bin\java.dll
0x0000000070720000 - 0x0000000070736000 	C:\Program Files\Java\jre1.8.0_60\bin\zip.dll
0x000007fefe0c0000 - 0x000007fefee49000 	C:\Windows\system32\SHELL32.dll
0x000007fefd380000 - 0x000007fefd583000 	C:\Windows\system32\ole32.dll
0x000007fefcaf0000 - 0x000007fefcaff000 	C:\Windows\system32\profapi.dll
0x000000006c440000 - 0x000000006c5d8000 	C:\Program Files\Java\jre1.8.0_60\bin\awt.dll
0x000007fefdb50000 - 0x000007fefdc27000 	C:\Windows\system32\OLEAUT32.dll
0x000007fefb060000 - 0x000007fefb0b6000 	C:\Windows\system32\uxtheme.dll
0x000007fefafb0000 - 0x000007fefafc8000 	C:\Windows\system32\dwmapi.dll
0x000007fefc990000 - 0x000007fefc99f000 	C:\Windows\system32\CRYPTBASE.dll
0x000000006ccb0000 - 0x000000006ccf7000 	C:\Program Files\Java\jre1.8.0_60\bin\fontmanager.dll
0x000007fef3670000 - 0x000007fef386f000 	C:\Windows\system32\d3d9.dll
0x000007fef3660000 - 0x000007fef3667000 	C:\Windows\system32\d3d8thk.dll
0x000007fee8b30000 - 0x000007fee99f6000 	C:\Windows\system32\nvd3dumx.dll
0x0000000180000000 - 0x00000001801a7000 	C:\Windows\system32\nvspcap64.dll
0x000007fefcf50000 - 0x000007fefd127000 	C:\Windows\system32\SETUPAPI.dll
0x000007fefce60000 - 0x000007fefce96000 	C:\Windows\system32\CFGMGR32.dll
0x000007fefcd90000 - 0x000007fefcdaa000 	C:\Windows\system32\DEVOBJ.dll
0x000007fef7b10000 - 0x000007fef7b81000 	C:\Windows\system32\WINHTTP.dll
0x000007fef7aa0000 - 0x000007fef7b04000 	C:\Windows\system32\webio.dll
0x000007fef95b0000 - 0x000007fef9935000 	C:\Windows\system32\nvapi64.dll
0x000007fefc900000 - 0x000007fefc925000 	C:\Windows\system32\SspiCli.dll
0x000007fefb400000 - 0x000007fefb42c000 	C:\Windows\system32\powrprof.dll
0x000007feeb5e0000 - 0x000007feeb741000 	C:\Program Files (x86)\NVIDIA Corporation\3D Vision\nvSCPAPI64.dll
0x000000006f6e0000 - 0x000000006f6fa000 	C:\Program Files\Java\jre1.8.0_60\bin\net.dll
0x000007fefc2b0000 - 0x000007fefc305000 	C:\Windows\system32\mswsock.dll
0x000007fefc4f0000 - 0x000007fefc4f7000 	C:\Windows\System32\wship6.dll
0x0000000002290000 - 0x00000000022a1000 	C:\Program Files\Java\jre1.8.0_60\bin\nio.dll
0x0000000070570000 - 0x00000000705b2000 	C:\Program Files\Java\jre1.8.0_60\bin\t2k.dll
0x000007fefee90000 - 0x000007fefef29000 	C:\Windows\system32\CLBCatQ.DLL
0x000007fefaac0000 - 0x000007fefac21000 	C:\Windows\system32\WindowsCodecs.dll
0x000007fefc930000 - 0x000007fefc987000 	C:\Windows\system32\apphelp.dll
0x000007fef3620000 - 0x000007fef365f000 	C:\Users\Josaped Moreno\AppData\Local\Microsoft\SkyDrive\17.3.1171.0714\amd64\SkyDriveShell64.dll
0x000007fef3570000 - 0x000007fef3617000 	C:\Users\Josaped Moreno\AppData\Local\Microsoft\SkyDrive\17.3.1171.0714\amd64\MSVCP110.dll
0x000007fef34a0000 - 0x000007fef356e000 	C:\Users\Josaped Moreno\AppData\Local\Microsoft\SkyDrive\17.3.1171.0714\amd64\MSVCR110.dll
0x000007fefd790000 - 0x000007fefd9c0000 	C:\Windows\system32\WININET.dll
0x000007fefcd80000 - 0x000007fefcd84000 	C:\Windows\system32\api-ms-win-downlevel-user32-l1-1-0.dll
0x000007fefcba0000 - 0x000007fefcba4000 	C:\Windows\system32\api-ms-win-downlevel-shlwapi-l1-1-0.dll
0x000007fefce50000 - 0x000007fefce54000 	C:\Windows\system32\api-ms-win-downlevel-version-l1-1-0.dll
0x000007fefcd70000 - 0x000007fefcd73000 	C:\Windows\system32\api-ms-win-downlevel-normaliz-l1-1-0.dll
0x0000000076e80000 - 0x0000000076e83000 	C:\Windows\system32\normaliz.DLL
0x000007fefdd90000 - 0x000007fefe03a000 	C:\Windows\system32\iertutil.dll
0x000007fefcd20000 - 0x000007fefcd25000 	C:\Windows\system32\api-ms-win-downlevel-advapi32-l1-1-0.dll
0x000007fefcb80000 - 0x000007fefcb9e000 	C:\Windows\system32\USERENV.dll
0x000007fef3460000 - 0x000007fef349b000 	C:\Users\Josaped Moreno\AppData\Roaming\Dropbox\bin\DropboxExt64.27.dll
0x000007fef9510000 - 0x000007fef95b0000 	C:\Windows\WinSxS\amd64_microsoft.windows.common-controls_6595b64144ccf1df_5.82.7601.18201_none_a4d3b9377117c3df\comctl32.dll
0x000007fefb210000 - 0x000007fefb33c000 	C:\Windows\system32\propsys.dll
0x000007fefaa90000 - 0x000007fefaabd000 	C:\Windows\system32\ntmarta.dll
0x000007fefd650000 - 0x000007fefd6a2000 	C:\Windows\system32\WLDAP32.dll
0x000007fef2f10000 - 0x000007fef30ac000 	C:\Windows\system32\NetworkExplorer.dll
0x000007fef3160000 - 0x000007fef3194000 	C:\Windows\System32\shdocvw.dll
0x000007fefa540000 - 0x000007fefa54b000 	C:\Windows\system32\slc.dll
0x000007fef3d20000 - 0x000007fef3d38000 	C:\Windows\system32\MPR.dll
0x000007fefb0d0000 - 0x000007fefb0da000 	C:\Windows\System32\drprov.dll
0x000007fefbdc0000 - 0x000007fefbdfd000 	C:\Windows\System32\WINSTA.dll
0x000007fef9fd0000 - 0x000007fef9ff2000 	C:\Windows\System32\ntlanman.dll
0x000007fef9dc0000 - 0x000007fef9ddd000 	C:\Windows\System32\davclnt.dll
0x000007fef9db0000 - 0x000007fef9dba000 	C:\Windows\System32\DAVHLPR.dll
0x000007fefa550000 - 0x000007fefa565000 	C:\Windows\system32\wkscli.dll
0x000007fef5950000 - 0x000007fef595f000 	C:\Windows\system32\cscapi.dll
0x000007fefa580000 - 0x000007fefa58c000 	C:\Windows\system32\netutils.dll
0x000007feebff0000 - 0x000007feec261000 	C:\Windows\system32\wpdshext.dll
0x000007fefad70000 - 0x000007fefaf86000 	C:\Windows\WinSxS\amd64_microsoft.windows.gdiplus_6595b64144ccf1df_1.1.7601.18834_none_2b26557a71eb7442\gdiplus.dll
0x000007fef5810000 - 0x000007fef58cd000 	C:\Windows\system32\PortableDeviceApi.dll
0x000007fefcd30000 - 0x000007fefcd6b000 	C:\Windows\system32\WINTRUST.dll
0x000007fefcbb0000 - 0x000007fefcd1d000 	C:\Windows\system32\CRYPT32.dll
0x000007fefcb00000 - 0x000007fefcb0f000 	C:\Windows\system32\MSASN1.dll
0x000007fef4a80000 - 0x000007fef4ab9000 	C:\Windows\system32\PortableDeviceTypes.dll
0x000007fef2a30000 - 0x000007fef2a65000 	C:\Windows\system32\EhStorShell.dll
0x000007fef5bd0000 - 0x000007fef5bf7000 	C:\Windows\system32\EhStorAPI.dll
0x000007fef3150000 - 0x000007fef315c000 	C:\Windows\system32\LINKINFO.dll
0x000000006d070000 - 0x000000006d09a000 	C:\Program Files\Java\jre1.8.0_60\bin\dcpr.dll
0x0000000071100000 - 0x0000000071125000 	C:\Users\Josaped Moreno\.jssc\windows\jSSC-2.8_x86_64.dll
0x000007feefee0000 - 0x000007fef0005000 	C:\Windows\system32\dbghelp.dll

VM Arguments:
java_command: E:\Downloads\ESPlorer\ESPlorer.jar
java_class_path (initial): E:\Downloads\ESPlorer\ESPlorer.jar
Launcher Type: SUN_STANDARD

Environment Variables:
JAVA_HOME=C:\Program Files\Java\jdk1.8.0_45
PATH=C:\ProgramData\Oracle\Java\javapath;C:\Program Files\Common Files\Microsoft Shared\Windows Live;C:\Program Files (x86)\Common Files\Microsoft Shared\Windows Live;C:\Windows\system32;C:\Windows;C:\Windows\System32\Wbem;C:\Windows\System32\WindowsPowerShell\v1.0\;C:\Program Files (x86)\Toshiba\Bluetooth Toshiba Stack\sys\;C:\Program Files (x86)\Toshiba\Bluetooth Toshiba Stack\sys\x64\;C:\Program Files (x86)\Common Files\Adobe\AGL;C:\Program Files (x86)\Windows Live\Shared;E:\Program Files\;C:\Program Files (x86)\NVIDIA Corporation\PhysX\Common;E:\Program Files (x86)\QTSystem\;C:\Program Files\Java\jdk1.8.0_11\bin;C:\Users\Josaped Moreno\AppData\Roaming\npm
USERNAME=Josaped Moreno
OS=Windows_NT
PROCESSOR_IDENTIFIER=Intel64 Family 6 Model 26 Stepping 5, GenuineIntel



---------------  S Y S T E M  ---------------

OS: Windows 7 , 64 bit Build 7601 (6.1.7601.18839)

CPU:total 8 (4 cores per cpu, 2 threads per core) family 6 model 26 stepping 5, cmov, cx8, fxsr, mmx, sse, sse2, sse3, ssse3, sse4.1, sse4.2, popcnt, ht, tsc, tscinvbit, tscinv

Memory: 4k page, physical 14670960k(7791708k free), swap 29340084k(21085912k free)

vm_info: Java HotSpot(TM) 64-Bit Server VM (25.60-b23) for windows-amd64 JRE (1.8.0_60-b27), built on Aug  4 2015 11:06:27 by "java_re" with MS VC++ 10.0 (VS2010)

time: Thu Sep 03 21:06:12 2015
elapsed time: 244 seconds (0d 0h 4m 4s)

